PROJECT THING: Started
THING MANAGER: Things loaded
TEST MANAGER: Tests loaded
CMD LINE ARGS:
  New: test 0
  SessionID: 0
BUILDER: Build Mind 000
MAIN: Session set: t1
MAIN: Directory created: /home/zax/Projects/ProjectThingOutput/recordings/test_022/t1
MAIN: Run started
MAIN: Session got
MAIN: test run #0
MAIN: starting eletrode recorders
SIM: StartAllRecordingElectrodes - Enter
ELECTRODEGROUP: StartRecording - Enter
ELECTRODEGROUP: StartRecording - Exit
SIM: StartAllRecordingElectrodes - Exit
MAIN: electrode recorders started
MAIN: recording started
MAIN: sim thread started.
SIM: Starting main loop
Time: 1000
Time: 2000
Time: 3000
Time: 4000
Time: 5000
SIM: Main loop done
MAIN: joining sim thread
MAIN: Sim thread joined
  Time: 3.912069
MAIN: test run #1
MAIN: starting eletrode recorders
SIM: StartAllRecordingElectrodes - Enter
ELECTRODEGROUP: StartRecording - Enter
ELECTRODEGROUP: StartRecording - Exit
SIM: StartAllRecordingElectrodes - Exit
MAIN: electrode recorders started
MAIN: recording started
MAIN: sim thread started.
SIM: Starting main loop
Time: 1000
Time: 2000
Time: 3000
Time: 4000
Time: 5000
SIM: Main loop done
MAIN: joining sim thread
MAIN: Sim thread joined
  Time: 3.904699
MAIN: test run #2
MAIN: starting eletrode recorders
SIM: StartAllRecordingElectrodes - Enter
ELECTRODEGROUP: StartRecording - Enter
ELECTRODEGROUP: StartRecording - Exit
SIM: StartAllRecordingElectrodes - Exit
MAIN: electrode recorders started
MAIN: recording started
MAIN: sim thread started.
SIM: Starting main loop
Time: 1000
Time: 2000
Time: 3000
Time: 4000
Time: 5000
SIM: Main loop done
MAIN: joining sim thread
MAIN: Sim thread joined
  Time: 3.813245
MAIN: test run #3
MAIN: starting eletrode recorders
SIM: StartAllRecordingElectrodes - Enter
ELECTRODEGROUP: StartRecording - Enter
ELECTRODEGROUP: StartRecording - Exit
SIM: StartAllRecordingElectrodes - Exit
MAIN: electrode recorders started
MAIN: recording started
MAIN: sim thread started.
SIM: Starting main loop
Time: 1000
Time: 2000
Time: 3000
Time: 4000
Time: 5000
SIM: Main loop done
MAIN: joining sim thread
MAIN: Sim thread joined
  Time: 3.906513
MAIN: test run #4
MAIN: starting eletrode recorders
SIM: StartAllRecordingElectrodes - Enter
ELECTRODEGROUP: StartRecording - Enter
ELECTRODEGROUP: StartRecording - Exit
SIM: StartAllRecordingElectrodes - Exit
MAIN: electrode recorders started
MAIN: recording started
MAIN: sim thread started.
SIM: Starting main loop
Time: 1000
Time: 2000
Time: 3000
Time: 4000
Time: 5000
SIM: Main loop done
MAIN: joining sim thread
MAIN: Sim thread joined
  Time: 3.906760
MAIN: test run #5
MAIN: starting eletrode recorders
SIM: StartAllRecordingElectrodes - Enter
ELECTRODEGROUP: StartRecording - Enter
ELECTRODEGROUP: StartRecording - Exit
SIM: StartAllRecordingElectrodes - Exit
MAIN: electrode recorders started
MAIN: recording started
MAIN: sim thread started.
SIM: Starting main loop
Time: 1000
Time: 2000
Time: 3000
Time: 4000
Time: 5000
SIM: Main loop done
MAIN: joining sim thread
MAIN: Sim thread joined
  Time: 3.906401
MAIN: test run #6
MAIN: starting eletrode recorders
SIM: StartAllRecordingElectrodes - Enter
ELECTRODEGROUP: StartRecording - Enter
ELECTRODEGROUP: StartRecording - Exit
SIM: StartAllRecordingElectrodes - Exit
MAIN: electrode recorders started
MAIN: recording started
MAIN: sim thread started.
SIM: Starting main loop
Time: 1000
Time: 2000
Time: 3000
Time: 4000
Time: 5000
SIM: Main loop done
MAIN: joining sim thread
MAIN: Sim thread joined
  Time: 3.913376
MAIN: test run #7
MAIN: starting eletrode recorders
SIM: StartAllRecordingElectrodes - Enter
ELECTRODEGROUP: StartRecording - Enter
ELECTRODEGROUP: StartRecording - Exit
SIM: StartAllRecordingElectrodes - Exit
MAIN: electrode recorders started
MAIN: recording started
MAIN: sim thread started.
SIM: Starting main loop
Time: 1000
Time: 2000
Time: 3000
Time: 4000
Time: 5000
SIM: Main loop done
MAIN: joining sim thread
MAIN: Sim thread joined
  Time: 3.907514
MAIN: test run #8
MAIN: starting eletrode recorders
SIM: StartAllRecordingElectrodes - Enter
ELECTRODEGROUP: StartRecording - Enter
ELECTRODEGROUP: StartRecording - Exit
SIM: StartAllRecordingElectrodes - Exit
MAIN: electrode recorders started
MAIN: recording started
MAIN: sim thread started.
SIM: Starting main loop
Time: 1000
Time: 2000
Time: 3000
Time: 4000
Time: 5000
SIM: Main loop done
MAIN: joining sim thread
MAIN: Sim thread joined
  Time: 3.906769
MAIN: test run #9
MAIN: starting eletrode recorders
SIM: StartAllRecordingElectrodes - Enter
ELECTRODEGROUP: StartRecording - Enter
ELECTRODEGROUP: StartRecording - Exit
SIM: StartAllRecordingElectrodes - Exit
MAIN: electrode recorders started
MAIN: recording started
MAIN: sim thread started.
SIM: Starting main loop
Time: 1000
Time: 2000
Time: 3000
Time: 4000
Time: 5000
SIM: Main loop done
MAIN: joining sim thread
MAIN: Sim thread joined
  Time: 4.014004
MAIN: test run #10
MAIN: starting eletrode recorders
SIM: StartAllRecordingElectrodes - Enter
ELECTRODEGROUP: StartRecording - Enter
ELECTRODEGROUP: StartRecording - Exit
SIM: StartAllRecordingElectrodes - Exit
MAIN: electrode recorders started
MAIN: recording started
MAIN: sim thread started.
SIM: Starting main loop
Time: 1000
Time: 2000
Time: 3000
Time: 4000
Time: 5000
SIM: Main loop done
MAIN: joining sim thread
MAIN: Sim thread joined
  Time: 4.005895
MAIN: test run #11
MAIN: starting eletrode recorders
SIM: StartAllRecordingElectrodes - Enter
ELECTRODEGROUP: StartRecording - Enter
ELECTRODEGROUP: StartRecording - Exit
SIM: StartAllRecordingElectrodes - Exit
MAIN: electrode recorders started
MAIN: recording started
MAIN: sim thread started.
SIM: Starting main loop
Time: 1000
Time: 2000
Time: 3000
Time: 4000
Time: 5000
SIM: Main loop done
MAIN: joining sim thread
MAIN: Sim thread joined
  Time: 4.008468
MAIN: test run #12
MAIN: starting eletrode recorders
SIM: StartAllRecordingElectrodes - Enter
ELECTRODEGROUP: StartRecording - Enter
ELECTRODEGROUP: StartRecording - Exit
SIM: StartAllRecordingElectrodes - Exit
MAIN: electrode recorders started
MAIN: recording started
MAIN: sim thread started.
SIM: Starting main loop
Time: 1000
Time: 2000
Time: 3000
Time: 4000
Time: 5000
SIM: Main loop done
MAIN: joining sim thread
MAIN: Sim thread joined
  Time: 4.012602
MAIN: test run #13
MAIN: starting eletrode recorders
SIM: StartAllRecordingElectrodes - Enter
ELECTRODEGROUP: StartRecording - Enter
ELECTRODEGROUP: StartRecording - Exit
SIM: StartAllRecordingElectrodes - Exit
MAIN: electrode recorders started
MAIN: recording started
MAIN: sim thread started.
SIM: Starting main loop
Time: 1000
Time: 2000
Time: 3000
Time: 4000
Time: 5000
SIM: Main loop done
MAIN: joining sim thread
MAIN: Sim thread joined
  Time: 4.007996
MAIN: test run #14
MAIN: starting eletrode recorders
SIM: StartAllRecordingElectrodes - Enter
ELECTRODEGROUP: StartRecording - Enter
ELECTRODEGROUP: StartRecording - Exit
SIM: StartAllRecordingElectrodes - Exit
MAIN: electrode recorders started
MAIN: recording started
MAIN: sim thread started.
SIM: Starting main loop
Time: 1000
Time: 2000
Time: 3000
Time: 4000
Time: 5000
SIM: Main loop done
MAIN: joining sim thread
MAIN: Sim thread joined
  Time: 4.005641
MAIN: test run #15
MAIN: starting eletrode recorders
SIM: StartAllRecordingElectrodes - Enter
ELECTRODEGROUP: StartRecording - Enter
ELECTRODEGROUP: StartRecording - Exit
SIM: StartAllRecordingElectrodes - Exit
MAIN: electrode recorders started
MAIN: recording started
MAIN: sim thread started.
SIM: Starting main loop
Time: 1000
Time: 2000
Time: 3000
Time: 4000
Time: 5000
SIM: Main loop done
MAIN: joining sim thread
MAIN: Sim thread joined
  Time: 4.013343
MAIN: test run #16
MAIN: starting eletrode recorders
SIM: StartAllRecordingElectrodes - Enter
ELECTRODEGROUP: StartRecording - Enter
ELECTRODEGROUP: StartRecording - Exit
SIM: StartAllRecordingElectrodes - Exit
MAIN: electrode recorders started
MAIN: recording started
MAIN: sim thread started.
SIM: Starting main loop
Time: 1000
Time: 2000
Time: 3000
Time: 4000
Time: 5000
SIM: Main loop done
MAIN: joining sim thread
MAIN: Sim thread joined
  Time: 4.106397
MAIN: test run #17
MAIN: starting eletrode recorders
SIM: StartAllRecordingElectrodes - Enter
ELECTRODEGROUP: StartRecording - Enter
ELECTRODEGROUP: StartRecording - Exit
SIM: StartAllRecordingElectrodes - Exit
MAIN: electrode recorders started
MAIN: recording started
MAIN: sim thread started.
SIM: Starting main loop
Time: 1000
Time: 2000
Time: 3000
Time: 4000
Time: 5000
SIM: Main loop done
MAIN: joining sim thread
MAIN: Sim thread joined
  Time: 4.012085
MAIN: test run #18
MAIN: starting eletrode recorders
SIM: StartAllRecordingElectrodes - Enter
ELECTRODEGROUP: StartRecording - Enter
ELECTRODEGROUP: StartRecording - Exit
SIM: StartAllRecordingElectrodes - Exit
MAIN: electrode recorders started
MAIN: recording started
MAIN: sim thread started.
SIM: Starting main loop
Time: 1000
Time: 2000
Time: 3000
Time: 4000
Time: 5000
SIM: Main loop done
MAIN: joining sim thread
MAIN: Sim thread joined
  Time: 4.003764
MAIN: test run #19
MAIN: starting eletrode recorders
SIM: StartAllRecordingElectrodes - Enter
ELECTRODEGROUP: StartRecording - Enter
ELECTRODEGROUP: StartRecording - Exit
SIM: StartAllRecordingElectrodes - Exit
MAIN: electrode recorders started
MAIN: recording started
MAIN: sim thread started.
SIM: Starting main loop
Time: 1000
Time: 2000
Time: 3000
Time: 4000
Time: 5000
SIM: Main loop done
MAIN: joining sim thread
MAIN: Sim thread joined
  Time: 4.008616
MAIN: test run #20
MAIN: starting eletrode recorders
SIM: StartAllRecordingElectrodes - Enter
ELECTRODEGROUP: StartRecording - Enter
ELECTRODEGROUP: StartRecording - Exit
SIM: StartAllRecordingElectrodes - Exit
MAIN: electrode recorders started
MAIN: recording started
MAIN: sim thread started.
SIM: Starting main loop
Time: 1000
Time: 2000
Time: 3000
Time: 4000
Time: 5000
SIM: Main loop done
MAIN: joining sim thread
MAIN: Sim thread joined
  Time: 4.005886
MAIN: test run #21
MAIN: starting eletrode recorders
SIM: StartAllRecordingElectrodes - Enter
ELECTRODEGROUP: StartRecording - Enter
ELECTRODEGROUP: StartRecording - Exit
SIM: StartAllRecordingElectrodes - Exit
MAIN: electrode recorders started
MAIN: recording started
MAIN: sim thread started.
SIM: Starting main loop
Time: 1000
Time: 2000
Time: 3000
Time: 4000
Time: 5000
SIM: Main loop done
MAIN: joining sim thread
MAIN: Sim thread joined
  Time: 4.008069
MAIN: test run #22
MAIN: starting eletrode recorders
SIM: StartAllRecordingElectrodes - Enter
ELECTRODEGROUP: StartRecording - Enter
ELECTRODEGROUP: StartRecording - Exit
SIM: StartAllRecordingElectrodes - Exit
MAIN: electrode recorders started
MAIN: recording started
MAIN: sim thread started.
SIM: Starting main loop
Time: 1000
Time: 2000
Time: 3000
Time: 4000
Time: 5000
SIM: Main loop done
MAIN: joining sim thread
MAIN: Sim thread joined
  Time: 4.005474
MAIN: test run #23
MAIN: starting eletrode recorders
SIM: StartAllRecordingElectrodes - Enter
ELECTRODEGROUP: StartRecording - Enter
ELECTRODEGROUP: StartRecording - Exit
SIM: StartAllRecordingElectrodes - Exit
MAIN: electrode recorders started
MAIN: recording started
MAIN: sim thread started.
SIM: Starting main loop
Time: 1000
Time: 2000
Time: 3000
Time: 4000
Time: 5000
SIM: Main loop done
MAIN: joining sim thread
MAIN: Sim thread joined
  Time: 4.014271
MAIN: test run #24
MAIN: starting eletrode recorders
SIM: StartAllRecordingElectrodes - Enter
ELECTRODEGROUP: StartRecording - Enter
ELECTRODEGROUP: StartRecording - Exit
SIM: StartAllRecordingElectrodes - Exit
MAIN: electrode recorders started
MAIN: recording started
MAIN: sim thread started.
SIM: Starting main loop
Time: 1000
Time: 2000
Time: 3000
Time: 4000
Time: 5000
SIM: Main loop done
MAIN: joining sim thread
MAIN: Sim thread joined
  Time: 3.912497
MAIN: test run #25
MAIN: starting eletrode recorders
SIM: StartAllRecordingElectrodes - Enter
ELECTRODEGROUP: StartRecording - Enter
ELECTRODEGROUP: StartRecording - Exit
SIM: StartAllRecordingElectrodes - Exit
MAIN: electrode recorders started
MAIN: recording started
MAIN: sim thread started.
SIM: Starting main loop
Time: 1000
Time: 2000
Time: 3000
Time: 4000
Time: 5000
SIM: Main loop done
MAIN: joining sim thread
MAIN: Sim thread joined
  Time: 4.010812
MAIN: test run #26
MAIN: starting eletrode recorders
SIM: StartAllRecordingElectrodes - Enter
ELECTRODEGROUP: StartRecording - Enter
ELECTRODEGROUP: StartRecording - Exit
SIM: StartAllRecordingElectrodes - Exit
MAIN: electrode recorders started
MAIN: recording started
MAIN: sim thread started.
SIM: Starting main loop
Time: 1000
Time: 2000
Time: 3000
Time: 4000
Time: 5000
SIM: Main loop done
MAIN: joining sim thread
MAIN: Sim thread joined
  Time: 4.006751
MAIN: test run #27
MAIN: starting eletrode recorders
SIM: StartAllRecordingElectrodes - Enter
ELECTRODEGROUP: StartRecording - Enter
ELECTRODEGROUP: StartRecording - Exit
SIM: StartAllRecordingElectrodes - Exit
MAIN: electrode recorders started
MAIN: recording started
MAIN: sim thread started.
SIM: Starting main loop
Time: 1000
Time: 2000
Time: 3000
Time: 4000
Time: 5000
SIM: Main loop done
MAIN: joining sim thread
MAIN: Sim thread joined
  Time: 3.913031
MAIN: test run #28
MAIN: starting eletrode recorders
SIM: StartAllRecordingElectrodes - Enter
ELECTRODEGROUP: StartRecording - Enter
ELECTRODEGROUP: StartRecording - Exit
SIM: StartAllRecordingElectrodes - Exit
MAIN: electrode recorders started
MAIN: recording started
MAIN: sim thread started.
SIM: Starting main loop
Time: 1000
Time: 2000
Time: 3000
Time: 4000
Time: 5000
SIM: Main loop done
MAIN: joining sim thread
MAIN: Sim thread joined
  Time: 4.004941
MAIN: test run #29
MAIN: starting eletrode recorders
SIM: StartAllRecordingElectrodes - Enter
ELECTRODEGROUP: StartRecording - Enter
ELECTRODEGROUP: StartRecording - Exit
SIM: StartAllRecordingElectrodes - Exit
MAIN: electrode recorders started
MAIN: recording started
MAIN: sim thread started.
SIM: Starting main loop
Time: 1000
Time: 2000
Time: 3000
Time: 4000
Time: 5000
SIM: Main loop done
MAIN: joining sim thread
MAIN: Sim thread joined
  Time: 4.004614
MAIN: test run #30
MAIN: starting eletrode recorders
SIM: StartAllRecordingElectrodes - Enter
ELECTRODEGROUP: StartRecording - Enter
ELECTRODEGROUP: StartRecording - Exit
SIM: StartAllRecordingElectrodes - Exit
MAIN: electrode recorders started
MAIN: recording started
MAIN: sim thread started.
SIM: Starting main loop
Time: 1000
Time: 2000
Time: 3000
Time: 4000
Time: 5000
SIM: Main loop done
MAIN: joining sim thread
MAIN: Sim thread joined
  Time: 4.008436
MAIN: test run #31
MAIN: starting eletrode recorders
SIM: StartAllRecordingElectrodes - Enter
ELECTRODEGROUP: StartRecording - Enter
ELECTRODEGROUP: StartRecording - Exit
SIM: StartAllRecordingElectrodes - Exit
MAIN: electrode recorders started
MAIN: recording started
MAIN: sim thread started.
SIM: Starting main loop
Time: 1000
Time: 2000
Time: 3000
Time: 4000
Time: 5000
SIM: Main loop done
MAIN: joining sim thread
MAIN: Sim thread joined
  Time: 4.006956
MAIN: test run #32
MAIN: starting eletrode recorders
SIM: StartAllRecordingElectrodes - Enter
ELECTRODEGROUP: StartRecording - Enter
ELECTRODEGROUP: StartRecording - Exit
SIM: StartAllRecordingElectrodes - Exit
MAIN: electrode recorders started
MAIN: recording started
MAIN: sim thread started.
SIM: Starting main loop
Time: 1000
Time: 2000
Time: 3000
Time: 4000
Time: 5000
SIM: Main loop done
MAIN: joining sim thread
MAIN: Sim thread joined
  Time: 4.007177
MAIN: test run #33
MAIN: starting eletrode recorders
SIM: StartAllRecordingElectrodes - Enter
ELECTRODEGROUP: StartRecording - Enter
ELECTRODEGROUP: StartRecording - Exit
SIM: StartAllRecordingElectrodes - Exit
MAIN: electrode recorders started
MAIN: recording started
MAIN: sim thread started.
SIM: Starting main loop
Time: 1000
Time: 2000
Time: 3000
Time: 4000
Time: 5000
SIM: Main loop done
MAIN: joining sim thread
MAIN: Sim thread joined
  Time: 4.010612
MAIN: test run #34
MAIN: starting eletrode recorders
SIM: StartAllRecordingElectrodes - Enter
ELECTRODEGROUP: StartRecording - Enter
ELECTRODEGROUP: StartRecording - Exit
SIM: StartAllRecordingElectrodes - Exit
MAIN: electrode recorders started
MAIN: recording started
MAIN: sim thread started.
SIM: Starting main loop
Time: 1000
Time: 2000
Time: 3000
Time: 4000
Time: 5000
SIM: Main loop done
MAIN: joining sim thread
MAIN: Sim thread joined
  Time: 4.012998
MAIN: test run #35
MAIN: starting eletrode recorders
SIM: StartAllRecordingElectrodes - Enter
ELECTRODEGROUP: StartRecording - Enter
ELECTRODEGROUP: StartRecording - Exit
SIM: StartAllRecordingElectrodes - Exit
MAIN: electrode recorders started
MAIN: recording started
MAIN: sim thread started.
SIM: Starting main loop
Time: 1000
Time: 2000
Time: 3000
Time: 4000
Time: 5000
SIM: Main loop done
MAIN: joining sim thread
MAIN: Sim thread joined
  Time: 4.005024
MAIN: test run #36
MAIN: starting eletrode recorders
SIM: StartAllRecordingElectrodes - Enter
ELECTRODEGROUP: StartRecording - Enter
ELECTRODEGROUP: StartRecording - Exit
SIM: StartAllRecordingElectrodes - Exit
MAIN: electrode recorders started
MAIN: recording started
MAIN: sim thread started.
SIM: Starting main loop
Time: 1000
Time: 2000
Time: 3000
Time: 4000
Time: 5000
SIM: Main loop done
MAIN: joining sim thread
MAIN: Sim thread joined
  Time: 4.006976
MAIN: test run #37
MAIN: starting eletrode recorders
SIM: StartAllRecordingElectrodes - Enter
ELECTRODEGROUP: StartRecording - Enter
ELECTRODEGROUP: StartRecording - Exit
SIM: StartAllRecordingElectrodes - Exit
MAIN: electrode recorders started
MAIN: recording started
MAIN: sim thread started.
SIM: Starting main loop
Time: 1000
Time: 2000
Time: 3000
Time: 4000
Time: 5000
SIM: Main loop done
MAIN: joining sim thread
MAIN: Sim thread joined
  Time: 4.004205
MAIN: test run #38
MAIN: starting eletrode recorders
SIM: StartAllRecordingElectrodes - Enter
ELECTRODEGROUP: StartRecording - Enter
ELECTRODEGROUP: StartRecording - Exit
SIM: StartAllRecordingElectrodes - Exit
MAIN: electrode recorders started
MAIN: recording started
MAIN: sim thread started.
SIM: Starting main loop
Time: 1000
Time: 2000
Time: 3000
Time: 4000
Time: 5000
SIM: Main loop done
MAIN: joining sim thread
MAIN: Sim thread joined
  Time: 4.012301
MAIN: test run #39
MAIN: starting eletrode recorders
SIM: StartAllRecordingElectrodes - Enter
ELECTRODEGROUP: StartRecording - Enter
ELECTRODEGROUP: StartRecording - Exit
SIM: StartAllRecordingElectrodes - Exit
MAIN: electrode recorders started
MAIN: recording started
MAIN: sim thread started.
SIM: Starting main loop
Time: 1000
Time: 2000
Time: 3000
Time: 4000
Time: 5000
SIM: Main loop done
MAIN: joining sim thread
MAIN: Sim thread joined
  Time: 4.005156
MAIN: test run #40
MAIN: starting eletrode recorders
SIM: StartAllRecordingElectrodes - Enter
ELECTRODEGROUP: StartRecording - Enter
ELECTRODEGROUP: StartRecording - Exit
SIM: StartAllRecordingElectrodes - Exit
MAIN: electrode recorders started
MAIN: recording started
MAIN: sim thread started.
SIM: Starting main loop
Time: 1000
Time: 2000
Time: 3000
Time: 4000
Time: 5000
SIM: Main loop done
MAIN: joining sim thread
MAIN: Sim thread joined
  Time: 4.014142
MAIN: test run #41
MAIN: starting eletrode recorders
SIM: StartAllRecordingElectrodes - Enter
ELECTRODEGROUP: StartRecording - Enter
ELECTRODEGROUP: StartRecording - Exit
SIM: StartAllRecordingElectrodes - Exit
MAIN: electrode recorders started
MAIN: recording started
MAIN: sim thread started.
SIM: Starting main loop
Time: 1000
Time: 2000
Time: 3000
Time: 4000
Time: 5000
SIM: Main loop done
MAIN: joining sim thread
MAIN: Sim thread joined
  Time: 4.207476
MAIN: test run #42
MAIN: starting eletrode recorders
SIM: StartAllRecordingElectrodes - Enter
ELECTRODEGROUP: StartRecording - Enter
ELECTRODEGROUP: StartRecording - Exit
SIM: StartAllRecordingElectrodes - Exit
MAIN: electrode recorders started
MAIN: recording started
MAIN: sim thread started.
SIM: Starting main loop
Time: 1000
Time: 2000
Time: 3000
Time: 4000
Time: 5000
SIM: Main loop done
MAIN: joining sim thread
MAIN: Sim thread joined
  Time: 4.011366
MAIN: test run #43
MAIN: starting eletrode recorders
SIM: StartAllRecordingElectrodes - Enter
ELECTRODEGROUP: StartRecording - Enter
ELECTRODEGROUP: StartRecording - Exit
SIM: StartAllRecordingElectrodes - Exit
MAIN: electrode recorders started
MAIN: recording started
MAIN: sim thread started.
SIM: Starting main loop
Time: 1000
Time: 2000
Time: 3000
Time: 4000
Time: 5000
SIM: Main loop done
MAIN: joining sim thread
MAIN: Sim thread joined
  Time: 3.913547
MAIN: test run #44
MAIN: starting eletrode recorders
SIM: StartAllRecordingElectrodes - Enter
ELECTRODEGROUP: StartRecording - Enter
ELECTRODEGROUP: StartRecording - Exit
SIM: StartAllRecordingElectrodes - Exit
MAIN: electrode recorders started
MAIN: recording started
MAIN: sim thread started.
SIM: Starting main loop
Time: 1000
Time: 2000
Time: 3000
Time: 4000
Time: 5000
SIM: Main loop done
MAIN: joining sim thread
MAIN: Sim thread joined
  Time: 4.005983
MAIN: test run #45
MAIN: starting eletrode recorders
SIM: StartAllRecordingElectrodes - Enter
ELECTRODEGROUP: StartRecording - Enter
ELECTRODEGROUP: StartRecording - Exit
SIM: StartAllRecordingElectrodes - Exit
MAIN: electrode recorders started
MAIN: recording started
MAIN: sim thread started.
SIM: Starting main loop
Time: 1000
Time: 2000
Time: 3000
Time: 4000
Time: 5000
SIM: Main loop done
MAIN: joining sim thread
MAIN: Sim thread joined
  Time: 3.906199
MAIN: test run #46
MAIN: starting eletrode recorders
SIM: StartAllRecordingElectrodes - Enter
ELECTRODEGROUP: StartRecording - Enter
ELECTRODEGROUP: StartRecording - Exit
SIM: StartAllRecordingElectrodes - Exit
MAIN: electrode recorders started
MAIN: recording started
MAIN: sim thread started.
SIM: Starting main loop
Time: 1000
Time: 2000
Time: 3000
Time: 4000
Time: 5000
SIM: Main loop done
MAIN: joining sim thread
MAIN: Sim thread joined
  Time: 4.011633
MAIN: test run #47
MAIN: starting eletrode recorders
SIM: StartAllRecordingElectrodes - Enter
ELECTRODEGROUP: StartRecording - Enter
ELECTRODEGROUP: StartRecording - Exit
SIM: StartAllRecordingElectrodes - Exit
MAIN: electrode recorders started
MAIN: recording started
MAIN: sim thread started.
SIM: Starting main loop
Time: 1000
Time: 2000
Time: 3000
Time: 4000
Time: 5000
SIM: Main loop done
MAIN: joining sim thread
MAIN: Sim thread joined
  Time: 4.014596
MAIN: test run #48
MAIN: starting eletrode recorders
SIM: StartAllRecordingElectrodes - Enter
ELECTRODEGROUP: StartRecording - Enter
ELECTRODEGROUP: StartRecording - Exit
SIM: StartAllRecordingElectrodes - Exit
MAIN: electrode recorders started
MAIN: recording started
MAIN: sim thread started.
SIM: Starting main loop
Time: 1000
Time: 2000
Time: 3000
Time: 4000
Time: 5000
SIM: Main loop done
MAIN: joining sim thread
MAIN: Sim thread joined
  Time: 4.012950
MAIN: test run #49
MAIN: starting eletrode recorders
SIM: StartAllRecordingElectrodes - Enter
ELECTRODEGROUP: StartRecording - Enter
ELECTRODEGROUP: StartRecording - Exit
SIM: StartAllRecordingElectrodes - Exit
MAIN: electrode recorders started
MAIN: recording started
MAIN: sim thread started.
SIM: Starting main loop
Time: 1000
Time: 2000
Time: 3000
Time: 4000
Time: 5000
SIM: Main loop done
MAIN: joining sim thread
MAIN: Sim thread joined
  Time: 4.007246
MAIN: test run #50
MAIN: starting eletrode recorders
SIM: StartAllRecordingElectrodes - Enter
ELECTRODEGROUP: StartRecording - Enter
ELECTRODEGROUP: StartRecording - Exit
SIM: StartAllRecordingElectrodes - Exit
MAIN: electrode recorders started
MAIN: recording started
MAIN: sim thread started.
SIM: Starting main loop
Time: 1000
Time: 2000
Time: 3000
Time: 4000
Time: 5000
SIM: Main loop done
MAIN: joining sim thread
MAIN: Sim thread joined
  Time: 4.012105
MAIN: test run #51
MAIN: starting eletrode recorders
SIM: StartAllRecordingElectrodes - Enter
ELECTRODEGROUP: StartRecording - Enter
ELECTRODEGROUP: StartRecording - Exit
SIM: StartAllRecordingElectrodes - Exit
MAIN: electrode recorders started
MAIN: recording started
MAIN: sim thread started.
SIM: Starting main loop
Time: 1000
Time: 2000
Time: 3000
Time: 4000
Time: 5000
SIM: Main loop done
MAIN: joining sim thread
MAIN: Sim thread joined
  Time: 4.012269
MAIN: test run #52
MAIN: starting eletrode recorders
SIM: StartAllRecordingElectrodes - Enter
ELECTRODEGROUP: StartRecording - Enter
ELECTRODEGROUP: StartRecording - Exit
SIM: StartAllRecordingElectrodes - Exit
MAIN: electrode recorders started
MAIN: recording started
MAIN: sim thread started.
SIM: Starting main loop
Time: 1000
Time: 2000
Time: 3000
Time: 4000
Time: 5000
SIM: Main loop done
MAIN: joining sim thread
MAIN: Sim thread joined
  Time: 3.913589
MAIN: test run #53
MAIN: starting eletrode recorders
SIM: StartAllRecordingElectrodes - Enter
ELECTRODEGROUP: StartRecording - Enter
ELECTRODEGROUP: StartRecording - Exit
SIM: StartAllRecordingElectrodes - Exit
MAIN: electrode recorders started
MAIN: recording started
MAIN: sim thread started.
SIM: Starting main loop
Time: 1000
Time: 2000
Time: 3000
Time: 4000
Time: 5000
SIM: Main loop done
MAIN: joining sim thread
MAIN: Sim thread joined
  Time: 4.006981
MAIN: test run #54
MAIN: starting eletrode recorders
SIM: StartAllRecordingElectrodes - Enter
ELECTRODEGROUP: StartRecording - Enter
ELECTRODEGROUP: StartRecording - Exit
SIM: StartAllRecordingElectrodes - Exit
MAIN: electrode recorders started
MAIN: recording started
MAIN: sim thread started.
SIM: Starting main loop
Time: 1000
Time: 2000
Time: 3000
Time: 4000
Time: 5000
SIM: Main loop done
MAIN: joining sim thread
MAIN: Sim thread joined
  Time: 4.114046
MAIN: test run #55
MAIN: starting eletrode recorders
SIM: StartAllRecordingElectrodes - Enter
ELECTRODEGROUP: StartRecording - Enter
ELECTRODEGROUP: StartRecording - Exit
SIM: StartAllRecordingElectrodes - Exit
MAIN: electrode recorders started
MAIN: recording started
MAIN: sim thread started.
SIM: Starting main loop
Time: 1000
Time: 2000
Time: 3000
Time: 4000
Time: 5000
SIM: Main loop done
MAIN: joining sim thread
MAIN: Sim thread joined
  Time: 4.004684
MAIN: test run #56
MAIN: starting eletrode recorders
SIM: StartAllRecordingElectrodes - Enter
ELECTRODEGROUP: StartRecording - Enter
ELECTRODEGROUP: StartRecording - Exit
SIM: StartAllRecordingElectrodes - Exit
MAIN: electrode recorders started
MAIN: recording started
MAIN: sim thread started.
SIM: Starting main loop
Time: 1000
Time: 2000
Time: 3000
Time: 4000
Time: 5000
SIM: Main loop done
MAIN: joining sim thread
MAIN: Sim thread joined
  Time: 4.006816
MAIN: test run #57
MAIN: starting eletrode recorders
SIM: StartAllRecordingElectrodes - Enter
ELECTRODEGROUP: StartRecording - Enter
ELECTRODEGROUP: StartRecording - Exit
SIM: StartAllRecordingElectrodes - Exit
MAIN: electrode recorders started
MAIN: recording started
MAIN: sim thread started.
SIM: Starting main loop
Time: 1000
Time: 2000
Time: 3000
Time: 4000
Time: 5000
SIM: Main loop done
MAIN: joining sim thread
MAIN: Sim thread joined
  Time: 4.008826
MAIN: test run #58
MAIN: starting eletrode recorders
SIM: StartAllRecordingElectrodes - Enter
ELECTRODEGROUP: StartRecording - Enter
ELECTRODEGROUP: StartRecording - Exit
SIM: StartAllRecordingElectrodes - Exit
MAIN: electrode recorders started
MAIN: recording started
MAIN: sim thread started.
SIM: Starting main loop
Time: 1000
Time: 2000
Time: 3000
Time: 4000
Time: 5000
SIM: Main loop done
MAIN: joining sim thread
MAIN: Sim thread joined
  Time: 4.005539
MAIN: test run #59
MAIN: starting eletrode recorders
SIM: StartAllRecordingElectrodes - Enter
ELECTRODEGROUP: StartRecording - Enter
ELECTRODEGROUP: StartRecording - Exit
SIM: StartAllRecordingElectrodes - Exit
MAIN: electrode recorders started
MAIN: recording started
MAIN: sim thread started.
SIM: Starting main loop
Time: 1000
Time: 2000
Time: 3000
Time: 4000
Time: 5000
SIM: Main loop done
MAIN: joining sim thread
MAIN: Sim thread joined
  Time: 4.005744
MAIN: test run #60
MAIN: starting eletrode recorders
SIM: StartAllRecordingElectrodes - Enter
ELECTRODEGROUP: StartRecording - Enter
ELECTRODEGROUP: StartRecording - Exit
SIM: StartAllRecordingElectrodes - Exit
MAIN: electrode recorders started
MAIN: recording started
MAIN: sim thread started.
SIM: Starting main loop
Time: 1000
Time: 2000
Time: 3000
Time: 4000
Time: 5000
SIM: Main loop done
MAIN: joining sim thread
MAIN: Sim thread joined
  Time: 4.005785
MAIN: test run #61
MAIN: starting eletrode recorders
SIM: StartAllRecordingElectrodes - Enter
ELECTRODEGROUP: StartRecording - Enter
ELECTRODEGROUP: StartRecording - Exit
SIM: StartAllRecordingElectrodes - Exit
MAIN: electrode recorders started
MAIN: recording started
MAIN: sim thread started.
SIM: Starting main loop
Time: 1000
Time: 2000
Time: 3000
Time: 4000
Time: 5000
SIM: Main loop done
MAIN: joining sim thread
MAIN: Sim thread joined
  Time: 3.913050
MAIN: test run #62
MAIN: starting eletrode recorders
SIM: StartAllRecordingElectrodes - Enter
ELECTRODEGROUP: StartRecording - Enter
ELECTRODEGROUP: StartRecording - Exit
SIM: StartAllRecordingElectrodes - Exit
MAIN: electrode recorders started
MAIN: recording started
MAIN: sim thread started.
SIM: Starting main loop
Time: 1000
Time: 2000
Time: 3000
Time: 4000
Time: 5000
SIM: Main loop done
MAIN: joining sim thread
MAIN: Sim thread joined
  Time: 4.007084
MAIN: test run #63
MAIN: starting eletrode recorders
SIM: StartAllRecordingElectrodes - Enter
ELECTRODEGROUP: StartRecording - Enter
ELECTRODEGROUP: StartRecording - Exit
SIM: StartAllRecordingElectrodes - Exit
MAIN: electrode recorders started
MAIN: recording started
MAIN: sim thread started.
SIM: Starting main loop
Time: 1000
Time: 2000
Time: 3000
Time: 4000
Time: 5000
SIM: Main loop done
MAIN: joining sim thread
MAIN: Sim thread joined
  Time: 4.007464
MAIN: test run #64
MAIN: starting eletrode recorders
SIM: StartAllRecordingElectrodes - Enter
ELECTRODEGROUP: StartRecording - Enter
ELECTRODEGROUP: StartRecording - Exit
SIM: StartAllRecordingElectrodes - Exit
MAIN: electrode recorders started
MAIN: recording started
MAIN: sim thread started.
SIM: Starting main loop
Time: 1000
Time: 2000
Time: 3000
Time: 4000
Time: 5000
SIM: Main loop done
MAIN: joining sim thread
MAIN: Sim thread joined
  Time: 4.007266
MAIN: test run #65
MAIN: starting eletrode recorders
SIM: StartAllRecordingElectrodes - Enter
ELECTRODEGROUP: StartRecording - Enter
ELECTRODEGROUP: StartRecording - Exit
SIM: StartAllRecordingElectrodes - Exit
MAIN: electrode recorders started
MAIN: recording started
MAIN: sim thread started.
SIM: Starting main loop
Time: 1000
Time: 2000
Time: 3000
Time: 4000
Time: 5000
SIM: Main loop done
MAIN: joining sim thread
MAIN: Sim thread joined
  Time: 3.906810
MAIN: test run #66
MAIN: starting eletrode recorders
SIM: StartAllRecordingElectrodes - Enter
ELECTRODEGROUP: StartRecording - Enter
ELECTRODEGROUP: StartRecording - Exit
SIM: StartAllRecordingElectrodes - Exit
MAIN: electrode recorders started
MAIN: recording started
MAIN: sim thread started.
SIM: Starting main loop
Time: 1000
Time: 2000
Time: 3000
Time: 4000
Time: 5000
SIM: Main loop done
MAIN: joining sim thread
MAIN: Sim thread joined
  Time: 4.005231
MAIN: test run #67
MAIN: starting eletrode recorders
SIM: StartAllRecordingElectrodes - Enter
ELECTRODEGROUP: StartRecording - Enter
ELECTRODEGROUP: StartRecording - Exit
SIM: StartAllRecordingElectrodes - Exit
MAIN: electrode recorders started
MAIN: recording started
MAIN: sim thread started.
SIM: Starting main loop
Time: 1000
Time: 2000
Time: 3000
Time: 4000
Time: 5000
SIM: Main loop done
MAIN: joining sim thread
MAIN: Sim thread joined
  Time: 4.006335
MAIN: test run #68
MAIN: starting eletrode recorders
SIM: StartAllRecordingElectrodes - Enter
ELECTRODEGROUP: StartRecording - Enter
ELECTRODEGROUP: StartRecording - Exit
SIM: StartAllRecordingElectrodes - Exit
MAIN: electrode recorders started
MAIN: recording started
MAIN: sim thread started.
SIM: Starting main loop
Time: 1000
Time: 2000
Time: 3000
Time: 4000
Time: 5000
SIM: Main loop done
MAIN: joining sim thread
MAIN: Sim thread joined
  Time: 4.012259
MAIN: test run #69
MAIN: starting eletrode recorders
SIM: StartAllRecordingElectrodes - Enter
ELECTRODEGROUP: StartRecording - Enter
ELECTRODEGROUP: StartRecording - Exit
SIM: StartAllRecordingElectrodes - Exit
MAIN: electrode recorders started
MAIN: recording started
MAIN: sim thread started.
SIM: Starting main loop
Time: 1000
Time: 2000
Time: 3000
Time: 4000
Time: 5000
SIM: Main loop done
MAIN: joining sim thread
MAIN: Sim thread joined
  Time: 4.007040
MAIN: test run #70
MAIN: starting eletrode recorders
SIM: StartAllRecordingElectrodes - Enter
ELECTRODEGROUP: StartRecording - Enter
ELECTRODEGROUP: StartRecording - Exit
SIM: StartAllRecordingElectrodes - Exit
MAIN: electrode recorders started
MAIN: recording started
MAIN: sim thread started.
SIM: Starting main loop
Time: 1000
Time: 2000
Time: 3000
Time: 4000
Time: 5000
SIM: Main loop done
MAIN: joining sim thread
MAIN: Sim thread joined
  Time: 4.106433
MAIN: test run #71
MAIN: starting eletrode recorders
SIM: StartAllRecordingElectrodes - Enter
ELECTRODEGROUP: StartRecording - Enter
ELECTRODEGROUP: StartRecording - Exit
SIM: StartAllRecordingElectrodes - Exit
MAIN: electrode recorders started
MAIN: recording started
MAIN: sim thread started.
SIM: Starting main loop
Time: 1000
Time: 2000
Time: 3000
Time: 4000
Time: 5000
SIM: Main loop done
MAIN: joining sim thread
MAIN: Sim thread joined
  Time: 4.011206
MAIN: test run #72
MAIN: starting eletrode recorders
SIM: StartAllRecordingElectrodes - Enter
ELECTRODEGROUP: StartRecording - Enter
ELECTRODEGROUP: StartRecording - Exit
SIM: StartAllRecordingElectrodes - Exit
MAIN: electrode recorders started
MAIN: recording started
MAIN: sim thread started.
SIM: Starting main loop
Time: 1000
Time: 2000
Time: 3000
Time: 4000
Time: 5000
SIM: Main loop done
MAIN: joining sim thread
MAIN: Sim thread joined
  Time: 3.910917
MAIN: test run #73
MAIN: starting eletrode recorders
SIM: StartAllRecordingElectrodes - Enter
ELECTRODEGROUP: StartRecording - Enter
ELECTRODEGROUP: StartRecording - Exit
SIM: StartAllRecordingElectrodes - Exit
MAIN: electrode recorders started
MAIN: recording started
MAIN: sim thread started.
SIM: Starting main loop
Time: 1000
Time: 2000
Time: 3000
Time: 4000
Time: 5000
SIM: Main loop done
MAIN: joining sim thread
MAIN: Sim thread joined
  Time: 4.006550
MAIN: test run #74
MAIN: starting eletrode recorders
SIM: StartAllRecordingElectrodes - Enter
ELECTRODEGROUP: StartRecording - Enter
ELECTRODEGROUP: StartRecording - Exit
SIM: StartAllRecordingElectrodes - Exit
MAIN: electrode recorders started
MAIN: recording started
MAIN: sim thread started.
SIM: Starting main loop
Time: 1000
Time: 2000
Time: 3000
Time: 4000
Time: 5000
SIM: Main loop done
MAIN: joining sim thread
MAIN: Sim thread joined
  Time: 4.008059
MAIN: test run #75
MAIN: starting eletrode recorders
SIM: StartAllRecordingElectrodes - Enter
ELECTRODEGROUP: StartRecording - Enter
ELECTRODEGROUP: StartRecording - Exit
SIM: StartAllRecordingElectrodes - Exit
MAIN: electrode recorders started
MAIN: recording started
MAIN: sim thread started.
SIM: Starting main loop
Time: 1000
Time: 2000
Time: 3000
Time: 4000
Time: 5000
SIM: Main loop done
MAIN: joining sim thread
MAIN: Sim thread joined
  Time: 4.005069
MAIN: test run #76
MAIN: starting eletrode recorders
SIM: StartAllRecordingElectrodes - Enter
ELECTRODEGROUP: StartRecording - Enter
ELECTRODEGROUP: StartRecording - Exit
SIM: StartAllRecordingElectrodes - Exit
MAIN: electrode recorders started
MAIN: recording started
MAIN: sim thread started.
SIM: Starting main loop
Time: 1000
Time: 2000
Time: 3000
Time: 4000
Time: 5000
SIM: Main loop done
MAIN: joining sim thread
MAIN: Sim thread joined
  Time: 4.007385
MAIN: test run #77
MAIN: starting eletrode recorders
SIM: StartAllRecordingElectrodes - Enter
ELECTRODEGROUP: StartRecording - Enter
ELECTRODEGROUP: StartRecording - Exit
SIM: StartAllRecordingElectrodes - Exit
MAIN: electrode recorders started
MAIN: recording started
MAIN: sim thread started.
SIM: Starting main loop
Time: 1000
Time: 2000
Time: 3000
Time: 4000
Time: 5000
SIM: Main loop done
MAIN: joining sim thread
MAIN: Sim thread joined
  Time: 4.010350
MAIN: test run #78
MAIN: starting eletrode recorders
SIM: StartAllRecordingElectrodes - Enter
ELECTRODEGROUP: StartRecording - Enter
ELECTRODEGROUP: StartRecording - Exit
SIM: StartAllRecordingElectrodes - Exit
MAIN: electrode recorders started
MAIN: recording started
MAIN: sim thread started.
SIM: Starting main loop
Time: 1000
Time: 2000
Time: 3000
Time: 4000
Time: 5000
SIM: Main loop done
MAIN: joining sim thread
MAIN: Sim thread joined
  Time: 4.008187
MAIN: test run #79
MAIN: starting eletrode recorders
SIM: StartAllRecordingElectrodes - Enter
ELECTRODEGROUP: StartRecording - Enter
ELECTRODEGROUP: StartRecording - Exit
SIM: StartAllRecordingElectrodes - Exit
MAIN: electrode recorders started
MAIN: recording started
MAIN: sim thread started.
SIM: Starting main loop
Time: 1000
Time: 2000
Time: 3000
Time: 4000
Time: 5000
SIM: Main loop done
MAIN: joining sim thread
MAIN: Sim thread joined
  Time: 4.005925
MAIN: test run #80
MAIN: starting eletrode recorders
SIM: StartAllRecordingElectrodes - Enter
ELECTRODEGROUP: StartRecording - Enter
ELECTRODEGROUP: StartRecording - Exit
SIM: StartAllRecordingElectrodes - Exit
MAIN: electrode recorders started
MAIN: recording started
MAIN: sim thread started.
SIM: Starting main loop
Time: 1000
Time: 2000
Time: 3000
Time: 4000
Time: 5000
SIM: Main loop done
MAIN: joining sim thread
MAIN: Sim thread joined
  Time: 4.010842
MAIN: test run #81
MAIN: starting eletrode recorders
SIM: StartAllRecordingElectrodes - Enter
ELECTRODEGROUP: StartRecording - Enter
ELECTRODEGROUP: StartRecording - Exit
SIM: StartAllRecordingElectrodes - Exit
MAIN: electrode recorders started
MAIN: recording started
MAIN: sim thread started.
SIM: Starting main loop
Time: 1000
Time: 2000
Time: 3000
Time: 4000
Time: 5000
SIM: Main loop done
MAIN: joining sim thread
MAIN: Sim thread joined
  Time: 4.013690
MAIN: test run #82
MAIN: starting eletrode recorders
SIM: StartAllRecordingElectrodes - Enter
ELECTRODEGROUP: StartRecording - Enter
ELECTRODEGROUP: StartRecording - Exit
SIM: StartAllRecordingElectrodes - Exit
MAIN: electrode recorders started
MAIN: recording started
MAIN: sim thread started.
SIM: Starting main loop
Time: 1000
Time: 2000
Time: 3000
Time: 4000
Time: 5000
SIM: Main loop done
MAIN: joining sim thread
MAIN: Sim thread joined
  Time: 4.013413
MAIN: test run #83
MAIN: starting eletrode recorders
SIM: StartAllRecordingElectrodes - Enter
ELECTRODEGROUP: StartRecording - Enter
ELECTRODEGROUP: StartRecording - Exit
SIM: StartAllRecordingElectrodes - Exit
MAIN: electrode recorders started
MAIN: recording started
MAIN: sim thread started.
SIM: Starting main loop
Time: 1000
Time: 2000
Time: 3000
Time: 4000
Time: 5000
SIM: Main loop done
MAIN: joining sim thread
MAIN: Sim thread joined
  Time: 4.009517
MAIN: test run #84
MAIN: starting eletrode recorders
SIM: StartAllRecordingElectrodes - Enter
ELECTRODEGROUP: StartRecording - Enter
ELECTRODEGROUP: StartRecording - Exit
SIM: StartAllRecordingElectrodes - Exit
MAIN: electrode recorders started
MAIN: recording started
MAIN: sim thread started.
SIM: Starting main loop
Time: 1000
Time: 2000
Time: 3000
Time: 4000
Time: 5000
SIM: Main loop done
MAIN: joining sim thread
MAIN: Sim thread joined
  Time: 4.005243
MAIN: test run #85
MAIN: starting eletrode recorders
SIM: StartAllRecordingElectrodes - Enter
ELECTRODEGROUP: StartRecording - Enter
ELECTRODEGROUP: StartRecording - Exit
SIM: StartAllRecordingElectrodes - Exit
MAIN: electrode recorders started
MAIN: recording started
MAIN: sim thread started.
SIM: Starting main loop
Time: 1000
Time: 2000
Time: 3000
Time: 4000
Time: 5000
SIM: Main loop done
MAIN: joining sim thread
MAIN: Sim thread joined
  Time: 4.007845
MAIN: test run #86
MAIN: starting eletrode recorders
SIM: StartAllRecordingElectrodes - Enter
ELECTRODEGROUP: StartRecording - Enter
ELECTRODEGROUP: StartRecording - Exit
SIM: StartAllRecordingElectrodes - Exit
MAIN: electrode recorders started
MAIN: recording started
MAIN: sim thread started.
SIM: Starting main loop
Time: 1000
Time: 2000
Time: 3000
Time: 4000
Time: 5000
SIM: Main loop done
MAIN: joining sim thread
MAIN: Sim thread joined
  Time: 4.010537
MAIN: test run #87
MAIN: starting eletrode recorders
SIM: StartAllRecordingElectrodes - Enter
ELECTRODEGROUP: StartRecording - Enter
ELECTRODEGROUP: StartRecording - Exit
SIM: StartAllRecordingElectrodes - Exit
MAIN: electrode recorders started
MAIN: recording started
MAIN: sim thread started.
SIM: Starting main loop
Time: 1000
Time: 2000
Time: 3000
Time: 4000
Time: 5000
SIM: Main loop done
MAIN: joining sim thread
MAIN: Sim thread joined
  Time: 4.012726
MAIN: test run #88
MAIN: starting eletrode recorders
SIM: StartAllRecordingElectrodes - Enter
ELECTRODEGROUP: StartRecording - Enter
ELECTRODEGROUP: StartRecording - Exit
SIM: StartAllRecordingElectrodes - Exit
MAIN: electrode recorders started
MAIN: recording started
MAIN: sim thread started.
SIM: Starting main loop
Time: 1000
Time: 2000
Time: 3000
Time: 4000
Time: 5000
SIM: Main loop done
MAIN: joining sim thread
MAIN: Sim thread joined
  Time: 4.008594
MAIN: test run #89
MAIN: starting eletrode recorders
SIM: StartAllRecordingElectrodes - Enter
ELECTRODEGROUP: StartRecording - Enter
ELECTRODEGROUP: StartRecording - Exit
SIM: StartAllRecordingElectrodes - Exit
MAIN: electrode recorders started
MAIN: recording started
MAIN: sim thread started.
SIM: Starting main loop
Time: 1000
Time: 2000
Time: 3000
Time: 4000
Time: 5000
SIM: Main loop done
MAIN: joining sim thread
MAIN: Sim thread joined
  Time: 4.005732
MAIN: test run #90
MAIN: starting eletrode recorders
SIM: StartAllRecordingElectrodes - Enter
ELECTRODEGROUP: StartRecording - Enter
ELECTRODEGROUP: StartRecording - Exit
SIM: StartAllRecordingElectrodes - Exit
MAIN: electrode recorders started
MAIN: recording started
MAIN: sim thread started.
SIM: Starting main loop
Time: 1000
Time: 2000
Time: 3000
Time: 4000
Time: 5000
SIM: Main loop done
MAIN: joining sim thread
MAIN: Sim thread joined
  Time: 4.006502
MAIN: test run #91
MAIN: starting eletrode recorders
SIM: StartAllRecordingElectrodes - Enter
ELECTRODEGROUP: StartRecording - Enter
ELECTRODEGROUP: StartRecording - Exit
SIM: StartAllRecordingElectrodes - Exit
MAIN: electrode recorders started
MAIN: recording started
MAIN: sim thread started.
SIM: Starting main loop
Time: 1000
Time: 2000
Time: 3000
Time: 4000
Time: 5000
SIM: Main loop done
MAIN: joining sim thread
MAIN: Sim thread joined
  Time: 4.007553
MAIN: test run #92
MAIN: starting eletrode recorders
SIM: StartAllRecordingElectrodes - Enter
ELECTRODEGROUP: StartRecording - Enter
ELECTRODEGROUP: StartRecording - Exit
SIM: StartAllRecordingElectrodes - Exit
MAIN: electrode recorders started
MAIN: recording started
MAIN: sim thread started.
SIM: Starting main loop
Time: 1000
Time: 2000
Time: 3000
Time: 4000
Time: 5000
SIM: Main loop done
MAIN: joining sim thread
MAIN: Sim thread joined
  Time: 3.904179
MAIN: test run #93
MAIN: starting eletrode recorders
SIM: StartAllRecordingElectrodes - Enter
ELECTRODEGROUP: StartRecording - Enter
ELECTRODEGROUP: StartRecording - Exit
SIM: StartAllRecordingElectrodes - Exit
MAIN: electrode recorders started
MAIN: recording started
MAIN: sim thread started.
SIM: Starting main loop
Time: 1000
Time: 2000
Time: 3000
Time: 4000
Time: 5000
SIM: Main loop done
MAIN: joining sim thread
MAIN: Sim thread joined
  Time: 4.008451
MAIN: test run #94
MAIN: starting eletrode recorders
SIM: StartAllRecordingElectrodes - Enter
ELECTRODEGROUP: StartRecording - Enter
ELECTRODEGROUP: StartRecording - Exit
SIM: StartAllRecordingElectrodes - Exit
MAIN: electrode recorders started
MAIN: recording started
MAIN: sim thread started.
SIM: Starting main loop
Time: 1000
Time: 2000
Time: 3000
Time: 4000
Time: 5000
SIM: Main loop done
MAIN: joining sim thread
MAIN: Sim thread joined
  Time: 4.010471
MAIN: test run #95
MAIN: starting eletrode recorders
SIM: StartAllRecordingElectrodes - Enter
ELECTRODEGROUP: StartRecording - Enter
ELECTRODEGROUP: StartRecording - Exit
SIM: StartAllRecordingElectrodes - Exit
MAIN: electrode recorders started
MAIN: recording started
MAIN: sim thread started.
SIM: Starting main loop
Time: 1000
Time: 2000
Time: 3000
Time: 4000
Time: 5000
SIM: Main loop done
MAIN: joining sim thread
MAIN: Sim thread joined
  Time: 4.006660
MAIN: test run #96
MAIN: starting eletrode recorders
SIM: StartAllRecordingElectrodes - Enter
ELECTRODEGROUP: StartRecording - Enter
ELECTRODEGROUP: StartRecording - Exit
SIM: StartAllRecordingElectrodes - Exit
MAIN: electrode recorders started
MAIN: recording started
MAIN: sim thread started.
SIM: Starting main loop
Time: 1000
Time: 2000
Time: 3000
Time: 4000
Time: 5000
SIM: Main loop done
MAIN: joining sim thread
MAIN: Sim thread joined
  Time: 4.005341
MAIN: test run #97
MAIN: starting eletrode recorders
SIM: StartAllRecordingElectrodes - Enter
ELECTRODEGROUP: StartRecording - Enter
ELECTRODEGROUP: StartRecording - Exit
SIM: StartAllRecordingElectrodes - Exit
MAIN: electrode recorders started
MAIN: recording started
MAIN: sim thread started.
SIM: Starting main loop
Time: 1000
Time: 2000
Time: 3000
Time: 4000
Time: 5000
SIM: Main loop done
MAIN: joining sim thread
MAIN: Sim thread joined
  Time: 4.011600
MAIN: test run #98
MAIN: starting eletrode recorders
SIM: StartAllRecordingElectrodes - Enter
ELECTRODEGROUP: StartRecording - Enter
ELECTRODEGROUP: StartRecording - Exit
SIM: StartAllRecordingElectrodes - Exit
MAIN: electrode recorders started
MAIN: recording started
MAIN: sim thread started.
SIM: Starting main loop
Time: 1000
Time: 2000
Time: 3000
Time: 4000
Time: 5000
SIM: Main loop done
MAIN: joining sim thread
MAIN: Sim thread joined
  Time: 4.011949
MAIN: test run #99
MAIN: starting eletrode recorders
SIM: StartAllRecordingElectrodes - Enter
ELECTRODEGROUP: StartRecording - Enter
ELECTRODEGROUP: StartRecording - Exit
SIM: StartAllRecordingElectrodes - Exit
MAIN: electrode recorders started
MAIN: recording started
MAIN: sim thread started.
SIM: Starting main loop
Time: 1000
Time: 2000
Time: 3000
Time: 4000
Time: 5000
SIM: Main loop done
MAIN: joining sim thread
MAIN: Sim thread joined
  Time: 4.004879
MAIN: run done
MAIN: All done
