	0.888889
	1.000000
	0.881944
	0.861111

	128.000000
	144.000000
	127.000000
	124.000000

	1.000000
	0.983740
	0.853659
	0.796748

	123.000000
	121.000000
	105.000000
	98.000000

	1.000000
	0.872881
	0.737288
	0.644068

	118.000000
	103.000000
	87.000000
	76.000000

	1.000000
	0.796460
	0.628319
	0.477876

	113.000000
	90.000000
	71.000000
	54.000000

	1.000000
	0.765766
	0.585586
	0.387387

	111.000000
	85.000000
	65.000000
	43.000000

	1.000000
	0.727273
	0.536364
	0.336364

	110.000000
	80.000000
	59.000000
	37.000000

	1.000000
	0.738318
	0.532710
	0.299065

	107.000000
	79.000000
	57.000000
	32.000000

	1.000000
	0.742857
	0.504762
	0.314286

	105.000000
	78.000000
	53.000000
	33.000000

	1.000000
	0.740385
	0.490385
	0.288462

	104.000000
	77.000000
	51.000000
	30.000000

	1.000000
	0.735294
	0.500000
	0.294118

	102.000000
	75.000000
	51.000000
	30.000000

	1.000000
	0.735294
	0.490196
	0.245098

	102.000000
	75.000000
	50.000000
	25.000000

	1.000000
	0.735294
	0.490196
	0.264706

	102.000000
	75.000000
	50.000000
	27.000000

	1.000000
	0.762376
	0.495050
	0.257426

	101.000000
	77.000000
	50.000000
	26.000000

	1.000000
	0.752475
	0.504950
	0.277228

	101.000000
	76.000000
	51.000000
	28.000000

	1.000000
	0.705882
	0.500000
	0.235294

	102.000000
	72.000000
	51.000000
	24.000000

	1.000000
	0.770000
	0.520000
	0.260000

	100.000000
	77.000000
	52.000000
	26.000000

	1.000000
	0.760000
	0.520000
	0.240000

	100.000000
	76.000000
	52.000000
	24.000000

	1.000000
	0.732673
	0.495050
	0.237624

	101.000000
	74.000000
	50.000000
	24.000000

	1.000000
	0.722772
	0.465347
	0.247525

	101.000000
	73.000000
	47.000000
	25.000000

	1.000000
	0.767677
	0.505051
	0.272727

	99.000000
	76.000000
	50.000000
	27.000000

	1.000000
	0.757576
	0.505051
	0.222222

	99.000000
	75.000000
	50.000000
	22.000000

	1.000000
	0.752475
	0.475248
	0.247525

	101.000000
	76.000000
	48.000000
	25.000000

	1.000000
	0.752475
	0.504950
	0.247525

	101.000000
	76.000000
	51.000000
	25.000000

	1.000000
	0.773196
	0.515464
	0.247423

	97.000000
	75.000000
	50.000000
	24.000000

	1.000000
	0.722772
	0.504950
	0.257426

	101.000000
	73.000000
	51.000000
	26.000000

	1.000000
	0.742574
	0.504950
	0.267327

	101.000000
	75.000000
	51.000000
	27.000000

	1.000000
	0.750000
	0.500000
	0.260000

	100.000000
	75.000000
	50.000000
	26.000000

	1.000000
	0.767677
	0.484848
	0.252525

	99.000000
	76.000000
	48.000000
	25.000000

	1.000000
	0.752475
	0.495050
	0.247525

	101.000000
	76.000000
	50.000000
	25.000000

	1.000000
	0.720000
	0.500000
	0.230000

	100.000000
	72.000000
	50.000000
	23.000000

	1.000000
	0.765306
	0.530612
	0.265306

	98.000000
	75.000000
	52.000000
	26.000000

	1.000000
	0.760000
	0.510000
	0.250000

	100.000000
	76.000000
	51.000000
	25.000000

	1.000000
	0.742574
	0.504950
	0.247525

	101.000000
	75.000000
	51.000000
	25.000000

	1.000000
	0.747475
	0.474747
	0.252525

	99.000000
	74.000000
	47.000000
	25.000000

	1.000000
	0.742574
	0.495050
	0.267327

	101.000000
	75.000000
	50.000000
	27.000000

	1.000000
	0.742574
	0.504950
	0.227723

	101.000000
	75.000000
	51.000000
	23.000000

	1.000000
	0.762376
	0.495050
	0.247525

	101.000000
	77.000000
	50.000000
	25.000000

	1.000000
	0.722772
	0.495050
	0.247525

	101.000000
	73.000000
	50.000000
	25.000000

	1.000000
	0.732673
	0.495050
	0.267327

	101.000000
	74.000000
	50.000000
	27.000000

	1.000000
	0.760000
	0.500000
	0.240000

	100.000000
	76.000000
	50.000000
	24.000000

	1.000000
	0.750000
	0.490000
	0.240000

	100.000000
	75.000000
	49.000000
	24.000000

	1.000000
	0.740000
	0.510000
	0.250000

	100.000000
	74.000000
	51.000000
	25.000000

	1.000000
	0.775510
	0.520408
	0.265306

	98.000000
	76.000000
	51.000000
	26.000000

	1.000000
	0.757576
	0.494949
	0.252525

	99.000000
	75.000000
	49.000000
	25.000000

	1.000000
	0.742574
	0.504950
	0.227723

	101.000000
	75.000000
	51.000000
	23.000000

	1.000000
	0.732673
	0.475248
	0.247525

	101.000000
	74.000000
	48.000000
	25.000000

	1.000000
	0.750000
	0.520000
	0.240000

	100.000000
	75.000000
	52.000000
	24.000000

	1.000000
	0.752475
	0.485149
	0.257426

	101.000000
	76.000000
	49.000000
	26.000000

	1.000000
	0.767677
	0.484848
	0.242424

	99.000000
	76.000000
	48.000000
	24.000000

	1.000000
	0.750000
	0.490000
	0.270000

	100.000000
	75.000000
	49.000000
	27.000000

	1.000000
	0.732673
	0.504950
	0.237624

	101.000000
	74.000000
	51.000000
	24.000000

	1.000000
	0.760000
	0.530000
	0.260000

	100.000000
	76.000000
	53.000000
	26.000000

	1.000000
	0.747475
	0.494949
	0.222222

	99.000000
	74.000000
	49.000000
	22.000000

	1.000000
	0.770000
	0.500000
	0.240000

	100.000000
	77.000000
	50.000000
	24.000000

	1.000000
	0.740000
	0.490000
	0.260000

	100.000000
	74.000000
	49.000000
	26.000000

	1.000000
	0.765306
	0.520408
	0.275510

	98.000000
	75.000000
	51.000000
	27.000000

	1.000000
	0.765306
	0.520408
	0.244898

	98.000000
	75.000000
	51.000000
	24.000000

	1.000000
	0.752475
	0.495050
	0.247525

	101.000000
	76.000000
	50.000000
	25.000000

	1.000000
	0.757576
	0.484848
	0.262626

	99.000000
	75.000000
	48.000000
	26.000000

	1.000000
	0.740000
	0.500000
	0.290000

	100.000000
	74.000000
	50.000000
	29.000000

	1.000000
	0.730000
	0.490000
	0.230000

	100.000000
	73.000000
	49.000000
	23.000000

	1.000000
	0.750000
	0.490000
	0.240000

	100.000000
	75.000000
	49.000000
	24.000000

	1.000000
	0.750000
	0.500000
	0.240000

	100.000000
	75.000000
	50.000000
	24.000000

	1.000000
	0.767677
	0.494949
	0.252525

	99.000000
	76.000000
	49.000000
	25.000000

	1.000000
	0.754902
	0.490196
	0.235294

	102.000000
	77.000000
	50.000000
	24.000000

	1.000000
	0.750000
	0.520000
	0.270000

	100.000000
	75.000000
	52.000000
	27.000000

	1.000000
	0.740000
	0.530000
	0.240000

	100.000000
	74.000000
	53.000000
	24.000000

	1.000000
	0.722772
	0.485149
	0.217822

	101.000000
	73.000000
	49.000000
	22.000000

	1.000000
	0.750000
	0.480000
	0.250000

	100.000000
	75.000000
	48.000000
	25.000000

	1.000000
	0.760000
	0.510000
	0.240000

	100.000000
	76.000000
	51.000000
	24.000000

	1.000000
	0.732673
	0.495050
	0.257426

	101.000000
	74.000000
	50.000000
	26.000000

	1.000000
	0.757576
	0.484848
	0.252525

	99.000000
	75.000000
	48.000000
	25.000000

	1.000000
	0.767677
	0.515152
	0.242424

	99.000000
	76.000000
	51.000000
	24.000000

	1.000000
	0.767677
	0.484848
	0.242424

	99.000000
	76.000000
	48.000000
	24.000000

	1.000000
	0.722772
	0.504950
	0.257426

	101.000000
	73.000000
	51.000000
	26.000000

	1.000000
	0.770000
	0.500000
	0.260000

	100.000000
	77.000000
	50.000000
	26.000000

	1.000000
	0.750000
	0.530000
	0.260000

	100.000000
	75.000000
	53.000000
	26.000000

	1.000000
	0.747475
	0.474747
	0.292929

	99.000000
	74.000000
	47.000000
	29.000000

	1.000000
	0.742574
	0.504950
	0.247525

	101.000000
	75.000000
	51.000000
	25.000000

	1.000000
	0.767677
	0.494949
	0.242424

	99.000000
	76.000000
	49.000000
	24.000000

	1.000000
	0.742574
	0.465347
	0.237624

	101.000000
	75.000000
	47.000000
	24.000000

	1.000000
	0.750000
	0.510000
	0.240000

	100.000000
	75.000000
	51.000000
	24.000000

	1.000000
	0.750000
	0.490000
	0.230000

	100.000000
	75.000000
	49.000000
	23.000000

	1.000000
	0.740000
	0.520000
	0.240000

	100.000000
	74.000000
	52.000000
	24.000000

	1.000000
	0.760000
	0.500000
	0.250000

	100.000000
	76.000000
	50.000000
	25.000000

	1.000000
	0.740000
	0.500000
	0.220000

	100.000000
	74.000000
	50.000000
	22.000000

	1.000000
	0.742574
	0.495050
	0.257426

	101.000000
	75.000000
	50.000000
	26.000000

	1.000000
	0.752475
	0.495050
	0.217822

	101.000000
	76.000000
	50.000000
	22.000000

	1.000000
	0.730000
	0.510000
	0.270000

	100.000000
	73.000000
	51.000000
	27.000000

	1.000000
	0.742574
	0.504950
	0.267327

	101.000000
	75.000000
	51.000000
	27.000000

	1.000000
	0.722772
	0.514851
	0.217822

	101.000000
	73.000000
	52.000000
	22.000000

	1.000000
	0.777778
	0.525253
	0.262626

	99.000000
	77.000000
	52.000000
	26.000000

	1.000000
	0.775510
	0.479592
	0.275510

	98.000000
	76.000000
	47.000000
	27.000000

	1.000000
	0.742574
	0.485149
	0.227723

	101.000000
	75.000000
	49.000000
	23.000000

	1.000000
	0.760000
	0.490000
	0.260000

	100.000000
	76.000000
	49.000000
	26.000000

	1.000000
	0.760000
	0.490000
	0.280000

	100.000000
	76.000000
	49.000000
	28.000000

	1.000000
	0.732673
	0.514851
	0.257426

	101.000000
	74.000000
	52.000000
	26.000000

	1.000000
	0.740000
	0.510000
	0.250000

	100.000000
	74.000000
	51.000000
	25.000000

	1.000000
	0.742574
	0.485149
	0.217822

	101.000000
	75.000000
	49.000000
	22.000000

	1.000000
	0.760000
	0.510000
	0.240000

	100.000000
	76.000000
	51.000000
	24.000000

